# JRE version: OpenJDK Runtime Environment (8.0_212-b04) (build 1.8.0_212-release-1586-b04)
# Java VM: OpenJDK 64-Bit Server VM (25.212-b04 mixed mode windows-amd64 compressed oops)
Heap:
 PSYoungGen      total 322048K, used 223581K [0x00000000e0000000, 0x00000000f5180000, 0x0000000100000000)
  eden space 301056K, 72% used [0x00000000e0000000,0x00000000ed6776e0,0x00000000f2600000)
  from space 20992K, 18% used [0x00000000f2600000,0x00000000f29e0000,0x00000000f3a80000)
  to   space 19968K, 0% used [0x00000000f3a80000,0x00000000f3a80000,0x00000000f4e00000)
 ParOldGen       total 99328K, used 77641K [0x00000000a0000000, 0x00000000a6100000, 0x00000000e0000000)
  object space 99328K, 78% used [0x00000000a0000000,0x00000000a4bd27e0,0x00000000a6100000)
 Metaspace       used 71532K, capacity 74746K, committed 75224K, reserved 1114112K
  class space    used 9676K, capacity 10330K, committed 10456K, reserved 1048576K
GC Heap History (10 events):
Event: 53.039 GC heap before
{Heap before GC invocations=29 (full 4):
 PSYoungGen      total 321024K, used 315847K [0x00000000e0000000, 0x00000000f5180000, 0x0000000100000000)
  eden space 301056K, 100% used [0x00000000e0000000,0x00000000f2600000,0x00000000f2600000)
  from space 19968K, 74% used [0x00000000f3a80000,0x00000000f48f1de0,0x00000000f4e00000)
  to   space 20992K, 0% used [0x00000000f2600000,0x00000000f2600000,0x00000000f3a80000)
 ParOldGen       total 99328K, used 52615K [0x00000000a0000000, 0x00000000a6100000, 0x00000000e0000000)
  object space 99328K, 52% used [0x00000000a0000000,0x00000000a3361f90,0x00000000a6100000)
 Metaspace       used 70404K, capacity 73494K, committed 74072K, reserved 1114112K
  class space    used 9560K, capacity 10196K, committed 10328K, reserved 1048576K
Event: 53.076 GC heap after
Heap after GC invocations=29 (full 4):
 PSYoungGen      total 322048K, used 4529K [0x00000000e0000000, 0x00000000f5180000, 0x0000000100000000)
  eden space 301056K, 0% used [0x00000000e0000000,0x00000000e0000000,0x00000000f2600000)
  from space 20992K, 21% used [0x00000000f2600000,0x00000000f2a6c740,0x00000000f3a80000)
  to   space 19968K, 0% used [0x00000000f3a80000,0x00000000f3a80000,0x00000000f4e00000)
 ParOldGen       total 99328K, used 64450K [0x00000000a0000000, 0x00000000a6100000, 0x00000000e0000000)
  object space 99328K, 64% used [0x00000000a0000000,0x00000000a3ef09a8,0x00000000a6100000)
 Metaspace       used 70404K, capacity 73494K, committed 74072K, reserved 1114112K
  class space    used 9560K, capacity 10196K, committed 10328K, reserved 1048576K
}
Event: 55.151 GC heap before
{Heap before GC invocations=30 (full 4):
 PSYoungGen      total 322048K, used 305585K [0x00000000e0000000, 0x00000000f5180000, 0x0000000100000000)
  eden space 301056K, 100% used [0x00000000e0000000,0x00000000f2600000,0x00000000f2600000)
  from space 20992K, 21% used [0x00000000f2600000,0x00000000f2a6c740,0x00000000f3a80000)
  to   space 19968K, 0% used [0x00000000f3a80000,0x00000000f3a80000,0x00000000f4e00000)
 ParOldGen       total 99328K, used 64450K [0x00000000a0000000, 0x00000000a6100000, 0x00000000e0000000)
  object space 99328K, 64% used [0x00000000a0000000,0x00000000a3ef09a8,0x00000000a6100000)
 Metaspace       used 70427K, capacity 73558K, committed 74072K, reserved 1114112K
  class space    used 9560K, capacity 10196K, committed 10328K, reserved 1048576K
Event: 55.179 GC heap after
Heap after GC invocations=30 (full 4):
 PSYoungGen      total 321024K, used 5479K [0x00000000e0000000, 0x00000000f5180000, 0x0000000100000000)
  eden space 301056K, 0% used [0x00000000e0000000,0x00000000e0000000,0x00000000f2600000)
  from space 19968K, 27% used [0x00000000f3a80000,0x00000000f3fd9e08,0x00000000f4e00000)
  to   space 20992K, 0% used [0x00000000f2600000,0x00000000f2600000,0x00000000f3a80000)
 ParOldGen       total 99328K, used 67448K [0x00000000a0000000, 0x00000000a6100000, 0x00000000e0000000)
  object space 99328K, 67% used [0x00000000a0000000,0x00000000a41de380,0x00000000a6100000)
 Metaspace       used 70427K, capacity 73558K, committed 74072K, reserved 1114112K
  class space    used 9560K, capacity 10196K, committed 10328K, reserved 1048576K
}
Event: 57.372 GC heap before
{Heap before GC invocations=31 (full 4):
 PSYoungGen      total 321024K, used 306535K [0x00000000e0000000, 0x00000000f5180000, 0x0000000100000000)
  eden space 301056K, 100% used [0x00000000e0000000,0x00000000f2600000,0x00000000f2600000)
  from space 19968K, 27% used [0x00000000f3a80000,0x00000000f3fd9e08,0x00000000f4e00000)
  to   space 20992K, 0% used [0x00000000f2600000,0x00000000f2600000,0x00000000f3a80000)
 ParOldGen       total 99328K, used 67448K [0x00000000a0000000, 0x00000000a6100000, 0x00000000e0000000)
  object space 99328K, 67% used [0x00000000a0000000,0x00000000a41de380,0x00000000a6100000)
 Metaspace       used 70453K, capacity 73564K, committed 74072K, reserved 1114112K
  class space    used 9561K, capacity 10197K, committed 10328K, reserved 1048576K
Event: 57.399 GC heap after
Heap after GC invocations=31 (full 4):
 PSYoungGen      total 322048K, used 3296K [0x00000000e0000000, 0x00000000f5180000, 0x0000000100000000)
  eden space 301056K, 0% used [0x00000000e0000000,0x00000000e0000000,0x00000000f2600000)
  from space 20992K, 15% used [0x00000000f2600000,0x00000000f2938020,0x00000000f3a80000)
  to   space 19968K, 0% used [0x00000000f3a80000,0x00000000f3a80000,0x00000000f4e00000)
 ParOldGen       total 99328K, used 71819K [0x00000000a0000000, 0x00000000a6100000, 0x00000000e0000000)
  object space 99328K, 72% used [0x00000000a0000000,0x00000000a4622c40,0x00000000a6100000)
 Metaspace       used 70453K, capacity 73564K, committed 74072K, reserved 1114112K
  class space    used 9561K, capacity 10197K, committed 10328K, reserved 1048576K
}
Event: 60.313 GC heap before
{Heap before GC invocations=32 (full 4):
 PSYoungGen      total 322048K, used 304352K [0x00000000e0000000, 0x00000000f5180000, 0x0000000100000000)
  eden space 301056K, 100% used [0x00000000e0000000,0x00000000f2600000,0x00000000f2600000)
  from space 20992K, 15% used [0x00000000f2600000,0x00000000f2938020,0x00000000f3a80000)
  to   space 19968K, 0% used [0x00000000f3a80000,0x00000000f3a80000,0x00000000f4e00000)
 ParOldGen       total 99328K, used 71819K [0x00000000a0000000, 0x00000000a6100000, 0x00000000e0000000)
  object space 99328K, 72% used [0x00000000a0000000,0x00000000a4622c40,0x00000000a6100000)
 Metaspace       used 70637K, capacity 73748K, committed 74456K, reserved 1114112K
  class space    used 9581K, capacity 10233K, committed 10456K, reserved 1048576K
Event: 60.353 GC heap after
Heap after GC invocations=32 (full 4):
 PSYoungGen      total 321024K, used 4892K [0x00000000e0000000, 0x00000000f5180000, 0x0000000100000000)
  eden space 301056K, 0% used [0x00000000e0000000,0x00000000e0000000,0x00000000f2600000)
  from space 19968K, 24% used [0x00000000f3a80000,0x00000000f3f473b0,0x00000000f4e00000)
  to   space 20992K, 0% used [0x00000000f2600000,0x00000000f2600000,0x00000000f3a80000)
 ParOldGen       total 99328K, used 74463K [0x00000000a0000000, 0x00000000a6100000, 0x00000000e0000000)
  object space 99328K, 74% used [0x00000000a0000000,0x00000000a48b7c90,0x00000000a6100000)
 Metaspace       used 70637K, capacity 73748K, committed 74456K, reserved 1114112K
  class space    used 9581K, capacity 10233K, committed 10456K, reserved 1048576K
}
Event: 63.422 GC heap before
{Heap before GC invocations=33 (full 4):
 PSYoungGen      total 321024K, used 305948K [0x00000000e0000000, 0x00000000f5180000, 0x0000000100000000)
  eden space 301056K, 100% used [0x00000000e0000000,0x00000000f2600000,0x00000000f2600000)
  from space 19968K, 24% used [0x00000000f3a80000,0x00000000f3f473b0,0x00000000f4e00000)
  to   space 20992K, 0% used [0x00000000f2600000,0x00000000f2600000,0x00000000f3a80000)
 ParOldGen       total 99328K, used 74463K [0x00000000a0000000, 0x00000000a6100000, 0x00000000e0000000)
  object space 99328K, 74% used [0x00000000a0000000,0x00000000a48b7c90,0x00000000a6100000)
 Metaspace       used 70726K, capacity 73830K, committed 74456K, reserved 1114112K
  class space    used 9594K, capacity 10240K, committed 10456K, reserved 1048576K
Event: 63.451 GC heap after
Heap after GC invocations=33 (full 4):
 PSYoungGen      total 322048K, used 3968K [0x00000000e0000000, 0x00000000f5180000, 0x0000000100000000)
  eden space 301056K, 0% used [0x00000000e0000000,0x00000000e0000000,0x00000000f2600000)
  from space 20992K, 18% used [0x00000000f2600000,0x00000000f29e0000,0x00000000f3a80000)
  to   space 19968K, 0% used [0x00000000f3a80000,0x00000000f3a80000,0x00000000f4e00000)
 ParOldGen       total 99328K, used 77641K [0x00000000a0000000, 0x00000000a6100000, 0x00000000e0000000)
  object space 99328K, 78% used [0x00000000a0000000,0x00000000a4bd27e0,0x00000000a6100000)
 Metaspace       used 70726K, capacity 73830K, committed 74456K, reserved 1114112K
  class space    used 9594K, capacity 10240K, committed 10456K, reserved 1048576K
}

