# JRE version: OpenJDK Runtime Environment (8.0_212-b04) (build 1.8.0_212-release-1586-b04)
# Java VM: OpenJDK 64-Bit Server VM (25.212-b04 mixed mode windows-amd64 compressed oops)
Heap:
 PSYoungGen      total 244736K, used 207177K [0x00000000e0000000, 0x00000000f4580000, 0x0000000100000000)
  eden space 210432K, 98% used [0x00000000e0000000,0x00000000eca524e8,0x00000000ecd80000)
  from space 34304K, 0% used [0x00000000ecd80000,0x00000000ecd80000,0x00000000eef00000)
  to   space 33280K, 0% used [0x00000000f2500000,0x00000000f2500000,0x00000000f4580000)
 ParOldGen       total 132608K, used 63327K [0x00000000a0000000, 0x00000000a8180000, 0x00000000e0000000)
  object space 132608K, 47% used [0x00000000a0000000,0x00000000a3dd7df8,0x00000000a8180000)
 Metaspace       used 102242K, capacity 107118K, committed 107392K, reserved 1142784K
  class space    used 13171K, capacity 14179K, committed 14208K, reserved 1048576K
GC Heap History (10 events):
Event: 1153.090 GC heap before
{Heap before GC invocations=21 (full 3):
 PSYoungGen      total 190464K, used 184618K [0x00000000e0000000, 0x00000000ee380000, 0x0000000100000000)
  eden space 168960K, 100% used [0x00000000e0000000,0x00000000ea500000,0x00000000ea500000)
  from space 21504K, 72% used [0x00000000ea500000,0x00000000eb44a970,0x00000000eba00000)
  to   space 22528K, 0% used [0x00000000ecd80000,0x00000000ecd80000,0x00000000ee380000)
 ParOldGen       total 88576K, used 46382K [0x00000000a0000000, 0x00000000a5680000, 0x00000000e0000000)
  object space 88576K, 52% used [0x00000000a0000000,0x00000000a2d4ba48,0x00000000a5680000)
 Metaspace       used 79946K, capacity 83826K, committed 83968K, reserved 1122304K
  class space    used 10368K, capacity 11205K, committed 11264K, reserved 1048576K
Event: 1154.112 GC heap after
Heap after GC invocations=21 (full 3):
 PSYoungGen      total 182784K, used 20006K [0x00000000e0000000, 0x00000000ee180000, 0x0000000100000000)
  eden space 162304K, 0% used [0x00000000e0000000,0x00000000e0000000,0x00000000e9e80000)
  from space 20480K, 97% used [0x00000000ecd80000,0x00000000ee109870,0x00000000ee180000)
  to   space 25088K, 0% used [0x00000000eb080000,0x00000000eb080000,0x00000000ec900000)
 ParOldGen       total 88576K, used 46390K [0x00000000a0000000, 0x00000000a5680000, 0x00000000e0000000)
  object space 88576K, 52% used [0x00000000a0000000,0x00000000a2d4da48,0x00000000a5680000)
 Metaspace       used 79946K, capacity 83826K, committed 83968K, reserved 1122304K
  class space    used 10368K, capacity 11205K, committed 11264K, reserved 1048576K
}
Event: 1211.572 GC heap before
{Heap before GC invocations=22 (full 3):
 PSYoungGen      total 182784K, used 182310K [0x00000000e0000000, 0x00000000ee180000, 0x0000000100000000)
  eden space 162304K, 100% used [0x00000000e0000000,0x00000000e9e80000,0x00000000e9e80000)
  from space 20480K, 97% used [0x00000000ecd80000,0x00000000ee109870,0x00000000ee180000)
  to   space 25088K, 0% used [0x00000000eb080000,0x00000000eb080000,0x00000000ec900000)
 ParOldGen       total 88576K, used 46390K [0x00000000a0000000, 0x00000000a5680000, 0x00000000e0000000)
  object space 88576K, 52% used [0x00000000a0000000,0x00000000a2d4da48,0x00000000a5680000)
 Metaspace       used 85038K, capacity 89120K, committed 89472K, reserved 1126400K
  class space    used 10917K, capacity 11788K, committed 11904K, reserved 1048576K
Event: 1222.043 GC heap after
Heap after GC invocations=22 (full 3):
 PSYoungGen      total 205824K, used 25072K [0x00000000e0000000, 0x00000000f0e80000, 0x0000000100000000)
  eden space 180736K, 0% used [0x00000000e0000000,0x00000000e0000000,0x00000000eb080000)
  from space 25088K, 99% used [0x00000000eb080000,0x00000000ec8fc008,0x00000000ec900000)
  to   space 32256K, 0% used [0x00000000eef00000,0x00000000eef00000,0x00000000f0e80000)
 ParOldGen       total 88576K, used 55458K [0x00000000a0000000, 0x00000000a5680000, 0x00000000e0000000)
  object space 88576K, 62% used [0x00000000a0000000,0x00000000a3628990,0x00000000a5680000)
 Metaspace       used 85038K, capacity 89120K, committed 89472K, reserved 1126400K
  class space    used 10917K, capacity 11788K, committed 11904K, reserved 1048576K
}
Event: 1310.441 GC heap before
{Heap before GC invocations=23 (full 3):
 PSYoungGen      total 205824K, used 205808K [0x00000000e0000000, 0x00000000f0e80000, 0x0000000100000000)
  eden space 180736K, 100% used [0x00000000e0000000,0x00000000eb080000,0x00000000eb080000)
  from space 25088K, 99% used [0x00000000eb080000,0x00000000ec8fc008,0x00000000ec900000)
  to   space 32256K, 0% used [0x00000000eef00000,0x00000000eef00000,0x00000000f0e80000)
 ParOldGen       total 88576K, used 55458K [0x00000000a0000000, 0x00000000a5680000, 0x00000000e0000000)
  object space 88576K, 62% used [0x00000000a0000000,0x00000000a3628990,0x00000000a5680000)
 Metaspace       used 88805K, capacity 92908K, committed 93184K, reserved 1130496K
  class space    used 11379K, capacity 12246K, committed 12288K, reserved 1048576K
Event: 1310.526 GC heap after
Heap after GC invocations=23 (full 3):
 PSYoungGen      total 242688K, used 23287K [0x00000000e0000000, 0x00000000f2680000, 0x0000000100000000)
  eden space 210432K, 0% used [0x00000000e0000000,0x00000000e0000000,0x00000000ecd80000)
  from space 32256K, 72% used [0x00000000eef00000,0x00000000f05bdf58,0x00000000f0e80000)
  to   space 34304K, 0% used [0x00000000ecd80000,0x00000000ecd80000,0x00000000eef00000)
 ParOldGen       total 88576K, used 65940K [0x00000000a0000000, 0x00000000a5680000, 0x00000000e0000000)
  object space 88576K, 74% used [0x00000000a0000000,0x00000000a4065318,0x00000000a5680000)
 Metaspace       used 88805K, capacity 92908K, committed 93184K, reserved 1130496K
  class space    used 11379K, capacity 12246K, committed 12288K, reserved 1048576K
}
Event: 1328.163 GC heap before
{Heap before GC invocations=24 (full 3):
 PSYoungGen      total 242688K, used 233719K [0x00000000e0000000, 0x00000000f2680000, 0x0000000100000000)
  eden space 210432K, 100% used [0x00000000e0000000,0x00000000ecd80000,0x00000000ecd80000)
  from space 32256K, 72% used [0x00000000eef00000,0x00000000f05bdf58,0x00000000f0e80000)
  to   space 34304K, 0% used [0x00000000ecd80000,0x00000000ecd80000,0x00000000eef00000)
 ParOldGen       total 88576K, used 65940K [0x00000000a0000000, 0x00000000a5680000, 0x00000000e0000000)
  object space 88576K, 74% used [0x00000000a0000000,0x00000000a4065318,0x00000000a5680000)
 Metaspace       used 94048K, capacity 98228K, committed 98560K, reserved 1134592K
  class space    used 12040K, capacity 12952K, committed 13056K, reserved 1048576K
Event: 1328.247 GC heap after
Heap after GC invocations=24 (full 3):
 PSYoungGen      total 244736K, used 8763K [0x00000000e0000000, 0x00000000f4580000, 0x0000000100000000)
  eden space 210432K, 0% used [0x00000000e0000000,0x00000000e0000000,0x00000000ecd80000)
  from space 34304K, 25% used [0x00000000ecd80000,0x00000000ed60ec78,0x00000000eef00000)
  to   space 33280K, 0% used [0x00000000f2500000,0x00000000f2500000,0x00000000f4580000)
 ParOldGen       total 88576K, used 78922K [0x00000000a0000000, 0x00000000a5680000, 0x00000000e0000000)
  object space 88576K, 89% used [0x00000000a0000000,0x00000000a4d12a20,0x00000000a5680000)
 Metaspace       used 94048K, capacity 98228K, committed 98560K, reserved 1134592K
  class space    used 12040K, capacity 12952K, committed 13056K, reserved 1048576K
}
Event: 1328.285 GC heap before
{Heap before GC invocations=25 (full 4):
 PSYoungGen      total 244736K, used 8763K [0x00000000e0000000, 0x00000000f4580000, 0x0000000100000000)
  eden space 210432K, 0% used [0x00000000e0000000,0x00000000e0000000,0x00000000ecd80000)
  from space 34304K, 25% used [0x00000000ecd80000,0x00000000ed60ec78,0x00000000eef00000)
  to   space 33280K, 0% used [0x00000000f2500000,0x00000000f2500000,0x00000000f4580000)
 ParOldGen       total 88576K, used 78922K [0x00000000a0000000, 0x00000000a5680000, 0x00000000e0000000)
  object space 88576K, 89% used [0x00000000a0000000,0x00000000a4d12a20,0x00000000a5680000)
 Metaspace       used 94048K, capacity 98228K, committed 98560K, reserved 1134592K
  class space    used 12040K, capacity 12952K, committed 13056K, reserved 1048576K
Event: 1335.703 GC heap after
Heap after GC invocations=25 (full 4):
 PSYoungGen      total 244736K, used 0K [0x00000000e0000000, 0x00000000f4580000, 0x0000000100000000)
  eden space 210432K, 0% used [0x00000000e0000000,0x00000000e0000000,0x00000000ecd80000)
  from space 34304K, 0% used [0x00000000ecd80000,0x00000000ecd80000,0x00000000eef00000)
  to   space 33280K, 0% used [0x00000000f2500000,0x00000000f2500000,0x00000000f4580000)
 ParOldGen       total 132608K, used 63327K [0x00000000a0000000, 0x00000000a8180000, 0x00000000e0000000)
  object space 132608K, 47% used [0x00000000a0000000,0x00000000a3dd7df8,0x00000000a8180000)
 Metaspace       used 93874K, capacity 97712K, committed 98560K, reserved 1134592K
  class space    used 11987K, capacity 12866K, committed 13056K, reserved 1048576K
}

