# JRE version: OpenJDK Runtime Environment (8.0_212-b04) (build 1.8.0_212-release-1586-b04)
# Java VM: OpenJDK 64-Bit Server VM (25.212-b04 mixed mode windows-amd64 compressed oops)
Heap:
 PSYoungGen      total 304640K, used 234256K [0x00000000e0000000, 0x00000000f8280000, 0x0000000100000000)
  eden space 243712K, 88% used [0x00000000e0000000,0x00000000ed218620,0x00000000eee00000)
  from space 60928K, 31% used [0x00000000eee00000,0x00000000f00abcb0,0x00000000f2980000)
  to   space 58368K, 0% used [0x00000000f4980000,0x00000000f4980000,0x00000000f8280000)
 ParOldGen       total 179200K, used 80046K [0x00000000a0000000, 0x00000000aaf00000, 0x00000000e0000000)
  object space 179200K, 44% used [0x00000000a0000000,0x00000000a4e2bb98,0x00000000aaf00000)
 Metaspace       used 110805K, capacity 117284K, committed 117760K, reserved 1150976K
  class space    used 14069K, capacity 15413K, committed 15616K, reserved 1048576K
GC Heap History (10 events):
Event: 691.416 GC heap before
{Heap before GC invocations=46 (full 4):
 PSYoungGen      total 237056K, used 218970K [0x00000000e0000000, 0x00000000f2400000, 0x0000000100000000)
  eden space 198144K, 100% used [0x00000000e0000000,0x00000000ec180000,0x00000000ec180000)
  from space 38912K, 53% used [0x00000000ec180000,0x00000000ed5d6af0,0x00000000ee780000)
  to   space 37888K, 0% used [0x00000000eff00000,0x00000000eff00000,0x00000000f2400000)
 ParOldGen       total 154624K, used 81277K [0x00000000a0000000, 0x00000000a9700000, 0x00000000e0000000)
  object space 154624K, 52% used [0x00000000a0000000,0x00000000a4f5f550,0x00000000a9700000)
 Metaspace       used 109011K, capacity 115448K, committed 115712K, reserved 1148928K
  class space    used 13880K, capacity 15195K, committed 15360K, reserved 1048576K
Event: 691.548 GC heap after
Heap after GC invocations=46 (full 4):
 PSYoungGen      total 250368K, used 37860K [0x00000000e0000000, 0x00000000f3b00000, 0x0000000100000000)
  eden space 212480K, 0% used [0x00000000e0000000,0x00000000e0000000,0x00000000ecf80000)
  from space 37888K, 99% used [0x00000000eff00000,0x00000000f23f91b8,0x00000000f2400000)
  to   space 48640K, 0% used [0x00000000ecf80000,0x00000000ecf80000,0x00000000eff00000)
 ParOldGen       total 154624K, used 96498K [0x00000000a0000000, 0x00000000a9700000, 0x00000000e0000000)
  object space 154624K, 62% used [0x00000000a0000000,0x00000000a5e3c848,0x00000000a9700000)
 Metaspace       used 109011K, capacity 115448K, committed 115712K, reserved 1148928K
  class space    used 13880K, capacity 15195K, committed 15360K, reserved 1048576K
}
Event: 694.198 GC heap before
{Heap before GC invocations=47 (full 4):
 PSYoungGen      total 250368K, used 250340K [0x00000000e0000000, 0x00000000f3b00000, 0x0000000100000000)
  eden space 212480K, 100% used [0x00000000e0000000,0x00000000ecf80000,0x00000000ecf80000)
  from space 37888K, 99% used [0x00000000eff00000,0x00000000f23f91b8,0x00000000f2400000)
  to   space 48640K, 0% used [0x00000000ecf80000,0x00000000ecf80000,0x00000000eff00000)
 ParOldGen       total 154624K, used 96498K [0x00000000a0000000, 0x00000000a9700000, 0x00000000e0000000)
  object space 154624K, 62% used [0x00000000a0000000,0x00000000a5e3c848,0x00000000a9700000)
 Metaspace       used 109056K, capacity 115516K, committed 115712K, reserved 1148928K
  class space    used 13881K, capacity 15195K, committed 15360K, reserved 1048576K
Event: 694.376 GC heap after
Heap after GC invocations=47 (full 4):
 PSYoungGen      total 261120K, used 48613K [0x00000000e0000000, 0x00000000f6980000, 0x0000000100000000)
  eden space 212480K, 0% used [0x00000000e0000000,0x00000000e0000000,0x00000000ecf80000)
  from space 48640K, 99% used [0x00000000ecf80000,0x00000000efef95a8,0x00000000eff00000)
  to   space 61952K, 0% used [0x00000000f2d00000,0x00000000f2d00000,0x00000000f6980000)
 ParOldGen       total 154624K, used 113013K [0x00000000a0000000, 0x00000000a9700000, 0x00000000e0000000)
  object space 154624K, 73% used [0x00000000a0000000,0x00000000a6e5d4a0,0x00000000a9700000)
 Metaspace       used 109056K, capacity 115516K, committed 115712K, reserved 1148928K
  class space    used 13881K, capacity 15195K, committed 15360K, reserved 1048576K
}
Event: 711.430 GC heap before
{Heap before GC invocations=48 (full 4):
 PSYoungGen      total 261120K, used 261093K [0x00000000e0000000, 0x00000000f6980000, 0x0000000100000000)
  eden space 212480K, 100% used [0x00000000e0000000,0x00000000ecf80000,0x00000000ecf80000)
  from space 48640K, 99% used [0x00000000ecf80000,0x00000000efef95a8,0x00000000eff00000)
  to   space 61952K, 0% used [0x00000000f2d00000,0x00000000f2d00000,0x00000000f6980000)
 ParOldGen       total 154624K, used 113013K [0x00000000a0000000, 0x00000000a9700000, 0x00000000e0000000)
  object space 154624K, 73% used [0x00000000a0000000,0x00000000a6e5d4a0,0x00000000a9700000)
 Metaspace       used 110228K, capacity 116756K, committed 116864K, reserved 1150976K
  class space    used 14033K, capacity 15383K, committed 15488K, reserved 1048576K
Event: 711.494 GC heap after
Heap after GC invocations=48 (full 4):
 PSYoungGen      total 301056K, used 12181K [0x00000000e0000000, 0x00000000f6500000, 0x0000000100000000)
  eden space 243712K, 0% used [0x00000000e0000000,0x00000000e0000000,0x00000000eee00000)
  from space 57344K, 21% used [0x00000000f2d00000,0x00000000f38e5700,0x00000000f6500000)
  to   space 60928K, 0% used [0x00000000eee00000,0x00000000eee00000,0x00000000f2980000)
 ParOldGen       total 154624K, used 139181K [0x00000000a0000000, 0x00000000a9700000, 0x00000000e0000000)
  object space 154624K, 90% used [0x00000000a0000000,0x00000000a87eb4b0,0x00000000a9700000)
 Metaspace       used 110228K, capacity 116756K, committed 116864K, reserved 1150976K
  class space    used 14033K, capacity 15383K, committed 15488K, reserved 1048576K
}
Event: 711.494 GC heap before
{Heap before GC invocations=49 (full 5):
 PSYoungGen      total 301056K, used 12181K [0x00000000e0000000, 0x00000000f6500000, 0x0000000100000000)
  eden space 243712K, 0% used [0x00000000e0000000,0x00000000e0000000,0x00000000eee00000)
  from space 57344K, 21% used [0x00000000f2d00000,0x00000000f38e5700,0x00000000f6500000)
  to   space 60928K, 0% used [0x00000000eee00000,0x00000000eee00000,0x00000000f2980000)
 ParOldGen       total 154624K, used 139181K [0x00000000a0000000, 0x00000000a9700000, 0x00000000e0000000)
  object space 154624K, 90% used [0x00000000a0000000,0x00000000a87eb4b0,0x00000000a9700000)
 Metaspace       used 110228K, capacity 116756K, committed 116864K, reserved 1150976K
  class space    used 14033K, capacity 15383K, committed 15488K, reserved 1048576K
Event: 711.774 GC heap after
Heap after GC invocations=49 (full 5):
 PSYoungGen      total 301056K, used 0K [0x00000000e0000000, 0x00000000f6500000, 0x0000000100000000)
  eden space 243712K, 0% used [0x00000000e0000000,0x00000000e0000000,0x00000000eee00000)
  from space 57344K, 0% used [0x00000000f2d00000,0x00000000f2d00000,0x00000000f6500000)
  to   space 60928K, 0% used [0x00000000eee00000,0x00000000eee00000,0x00000000f2980000)
 ParOldGen       total 179200K, used 80038K [0x00000000a0000000, 0x00000000aaf00000, 0x00000000e0000000)
  object space 179200K, 44% used [0x00000000a0000000,0x00000000a4e29b98,0x00000000aaf00000)
 Metaspace       used 109985K, capacity 116110K, committed 116864K, reserved 1150976K
  class space    used 13948K, capacity 15234K, committed 15488K, reserved 1048576K
}
Event: 937.173 GC heap before
{Heap before GC invocations=50 (full 5):
 PSYoungGen      total 301056K, used 243712K [0x00000000e0000000, 0x00000000f6500000, 0x0000000100000000)
  eden space 243712K, 100% used [0x00000000e0000000,0x00000000eee00000,0x00000000eee00000)
  from space 57344K, 0% used [0x00000000f2d00000,0x00000000f2d00000,0x00000000f6500000)
  to   space 60928K, 0% used [0x00000000eee00000,0x00000000eee00000,0x00000000f2980000)
 ParOldGen       total 179200K, used 80038K [0x00000000a0000000, 0x00000000aaf00000, 0x00000000e0000000)
  object space 179200K, 44% used [0x00000000a0000000,0x00000000a4e29b98,0x00000000aaf00000)
 Metaspace       used 110670K, capacity 117074K, committed 117504K, reserved 1150976K
  class space    used 14061K, capacity 15400K, committed 15616K, reserved 1048576K
Event: 937.447 GC heap after
Heap after GC invocations=50 (full 5):
 PSYoungGen      total 304640K, used 19119K [0x00000000e0000000, 0x00000000f8280000, 0x0000000100000000)
  eden space 243712K, 0% used [0x00000000e0000000,0x00000000e0000000,0x00000000eee00000)
  from space 60928K, 31% used [0x00000000eee00000,0x00000000f00abcb0,0x00000000f2980000)
  to   space 58368K, 0% used [0x00000000f4980000,0x00000000f4980000,0x00000000f8280000)
 ParOldGen       total 179200K, used 80046K [0x00000000a0000000, 0x00000000aaf00000, 0x00000000e0000000)
  object space 179200K, 44% used [0x00000000a0000000,0x00000000a4e2bb98,0x00000000aaf00000)
 Metaspace       used 110670K, capacity 117074K, committed 117504K, reserved 1150976K
  class space    used 14061K, capacity 15400K, committed 15616K, reserved 1048576K
}

